Connecting to database specified by database.yml
  [1m[36m (0.1ms)[0m  [1mselect sqlite_version(*)[0m
  [1m[35m (196.5ms)[0m  CREATE TABLE "schema_migrations" ("version" varchar(255) NOT NULL) 
  [1m[36m (126.7ms)[0m  [1mCREATE UNIQUE INDEX "unique_schema_migrations" ON "schema_migrations" ("version")[0m
  [1m[35m (29.6ms)[0m  SELECT "schema_migrations"."version" FROM "schema_migrations" 
Migrating to CreateMovies (20111119180638)
  [1m[36m (0.1ms)[0m  [1mbegin transaction[0m
  [1m[35m (0.4ms)[0m  CREATE TABLE "movies" ("id" INTEGER PRIMARY KEY AUTOINCREMENT NOT NULL, "title" varchar(255), "rating" varchar(255), "description" text, "release_date" datetime, "created_at" datetime NOT NULL, "updated_at" datetime NOT NULL) 
  [1m[36m (0.1ms)[0m  [1mINSERT INTO "schema_migrations" ("version") VALUES ('20111119180638')[0m
  [1m[35m (142.3ms)[0m  commit transaction
  [1m[36m (0.1ms)[0m  [1mSELECT "schema_migrations"."version" FROM "schema_migrations" [0m
Connecting to database specified by database.yml
  [1m[36m (1.5ms)[0m  [1mSELECT "schema_migrations"."version" FROM "schema_migrations" [0m
  [1m[35m (0.1ms)[0m  begin transaction
  [1m[36mSQL (33.3ms)[0m  [1mINSERT INTO "movies" ("created_at", "description", "rating", "release_date", "title", "updated_at") VALUES (?, ?, ?, ?, ?, ?)[0m  [["created_at", Thu, 29 May 2014 04:11:38 UTC +00:00], ["description", nil], ["rating", "G"], ["release_date", Wed, 25 Nov 1992 00:00:00 UTC +00:00], ["title", "Aladdin"], ["updated_at", Thu, 29 May 2014 04:11:38 UTC +00:00]]
  [1m[35m (132.7ms)[0m  commit transaction
  [1m[36m (0.1ms)[0m  [1mbegin transaction[0m
  [1m[35mSQL (0.4ms)[0m  INSERT INTO "movies" ("created_at", "description", "rating", "release_date", "title", "updated_at") VALUES (?, ?, ?, ?, ?, ?)  [["created_at", Thu, 29 May 2014 04:11:38 UTC +00:00], ["description", nil], ["rating", "R"], ["release_date", Fri, 26 Oct 1984 00:00:00 UTC +00:00], ["title", "The Terminator"], ["updated_at", Thu, 29 May 2014 04:11:38 UTC +00:00]]
  [1m[36m (123.1ms)[0m  [1mcommit transaction[0m
  [1m[35m (0.1ms)[0m  begin transaction
  [1m[36mSQL (0.3ms)[0m  [1mINSERT INTO "movies" ("created_at", "description", "rating", "release_date", "title", "updated_at") VALUES (?, ?, ?, ?, ?, ?)[0m  [["created_at", Thu, 29 May 2014 04:11:38 UTC +00:00], ["description", nil], ["rating", "R"], ["release_date", Fri, 21 Jul 1989 00:00:00 UTC +00:00], ["title", "When Harry Met Sally"], ["updated_at", Thu, 29 May 2014 04:11:38 UTC +00:00]]
  [1m[35m (124.1ms)[0m  commit transaction
  [1m[36m (0.1ms)[0m  [1mbegin transaction[0m
  [1m[35mSQL (0.3ms)[0m  INSERT INTO "movies" ("created_at", "description", "rating", "release_date", "title", "updated_at") VALUES (?, ?, ?, ?, ?, ?)  [["created_at", Thu, 29 May 2014 04:11:38 UTC +00:00], ["description", nil], ["rating", "PG-13"], ["release_date", Wed, 10 Aug 2011 00:00:00 UTC +00:00], ["title", "The Help"], ["updated_at", Thu, 29 May 2014 04:11:38 UTC +00:00]]
  [1m[36m (107.5ms)[0m  [1mcommit transaction[0m
  [1m[35m (0.1ms)[0m  begin transaction
  [1m[36mSQL (0.3ms)[0m  [1mINSERT INTO "movies" ("created_at", "description", "rating", "release_date", "title", "updated_at") VALUES (?, ?, ?, ?, ?, ?)[0m  [["created_at", Thu, 29 May 2014 04:11:38 UTC +00:00], ["description", nil], ["rating", "PG-13"], ["release_date", Fri, 05 Jan 2001 00:00:00 UTC +00:00], ["title", "Chocolat"], ["updated_at", Thu, 29 May 2014 04:11:38 UTC +00:00]]
  [1m[35m (115.9ms)[0m  commit transaction
  [1m[36m (0.1ms)[0m  [1mbegin transaction[0m
  [1m[35mSQL (0.3ms)[0m  INSERT INTO "movies" ("created_at", "description", "rating", "release_date", "title", "updated_at") VALUES (?, ?, ?, ?, ?, ?)  [["created_at", Thu, 29 May 2014 04:11:38 UTC +00:00], ["description", nil], ["rating", "R"], ["release_date", Wed, 25 Apr 2001 00:00:00 UTC +00:00], ["title", "Amelie"], ["updated_at", Thu, 29 May 2014 04:11:38 UTC +00:00]]
  [1m[36m (126.3ms)[0m  [1mcommit transaction[0m
  [1m[35m (0.1ms)[0m  begin transaction
  [1m[36mSQL (0.3ms)[0m  [1mINSERT INTO "movies" ("created_at", "description", "rating", "release_date", "title", "updated_at") VALUES (?, ?, ?, ?, ?, ?)[0m  [["created_at", Thu, 29 May 2014 04:11:39 UTC +00:00], ["description", nil], ["rating", "G"], ["release_date", Sat, 06 Apr 1968 00:00:00 UTC +00:00], ["title", "2001: A Space Odyssey"], ["updated_at", Thu, 29 May 2014 04:11:39 UTC +00:00]]
  [1m[35m (124.5ms)[0m  commit transaction
  [1m[36m (0.1ms)[0m  [1mbegin transaction[0m
  [1m[35mSQL (0.3ms)[0m  INSERT INTO "movies" ("created_at", "description", "rating", "release_date", "title", "updated_at") VALUES (?, ?, ?, ?, ?, ?)  [["created_at", Thu, 29 May 2014 04:11:39 UTC +00:00], ["description", nil], ["rating", "PG"], ["release_date", Fri, 05 Nov 2004 00:00:00 UTC +00:00], ["title", "The Incredibles"], ["updated_at", Thu, 29 May 2014 04:11:39 UTC +00:00]]
  [1m[36m (124.2ms)[0m  [1mcommit transaction[0m
  [1m[35m (0.1ms)[0m  begin transaction
  [1m[36mSQL (0.3ms)[0m  [1mINSERT INTO "movies" ("created_at", "description", "rating", "release_date", "title", "updated_at") VALUES (?, ?, ?, ?, ?, ?)[0m  [["created_at", Thu, 29 May 2014 04:11:39 UTC +00:00], ["description", nil], ["rating", "PG"], ["release_date", Fri, 12 Jun 1981 00:00:00 UTC +00:00], ["title", "Raiders of the Lost Ark"], ["updated_at", Thu, 29 May 2014 04:11:39 UTC +00:00]]
  [1m[35m (124.2ms)[0m  commit transaction
  [1m[36m (0.1ms)[0m  [1mbegin transaction[0m
  [1m[35mSQL (0.3ms)[0m  INSERT INTO "movies" ("created_at", "description", "rating", "release_date", "title", "updated_at") VALUES (?, ?, ?, ?, ?, ?)  [["created_at", Thu, 29 May 2014 04:11:39 UTC +00:00], ["description", nil], ["rating", "G"], ["release_date", Wed, 21 Jun 2000 00:00:00 UTC +00:00], ["title", "Chicken Run"], ["updated_at", Thu, 29 May 2014 04:11:39 UTC +00:00]]
  [1m[36m (107.6ms)[0m  [1mcommit transaction[0m


Started GET "/assets/rails.png" for 127.0.0.1 at 2014-05-29 00:11:48 -0400
Connecting to database specified by database.yml
Served asset /rails.png - 200 OK (3ms)


Started GET "/movies" for 127.0.0.1 at 2014-05-29 00:11:55 -0400
Processing by MoviesController#index as HTML
  [1m[36mMovie Load (0.2ms)[0m  [1mSELECT "movies".* FROM "movies" [0m
  Rendered movies/index.html.haml within layouts/application (9.8ms)
Compiled application.css  (0ms)  (pid 3718)
Compiled jquery.js  (33ms)  (pid 3718)
Compiled jquery_ujs.js  (0ms)  (pid 3718)
Compiled application.js  (47ms)  (pid 3718)
Completed 200 OK in 247.7ms (Views: 156.9ms | ActiveRecord: 2.8ms)


Started GET "/assets/application.css?body=1" for 127.0.0.1 at 2014-05-29 00:11:55 -0400
Served asset /application.css - 200 OK (3ms)


Started GET "/assets/jquery.js?body=1" for 127.0.0.1 at 2014-05-29 00:11:55 -0400
Served asset /jquery.js - 200 OK (4ms)


Started GET "/assets/jquery_ujs.js?body=1" for 127.0.0.1 at 2014-05-29 00:11:55 -0400
Served asset /jquery_ujs.js - 200 OK (1ms)


Started GET "/assets/application.js?body=1" for 127.0.0.1 at 2014-05-29 00:11:55 -0400
Served asset /application.js - 200 OK (4ms)


Started GET "/assets/rails.png" for 127.0.0.1 at 2014-05-29 00:14:03 -0400
Connecting to database specified by database.yml
Served asset /rails.png - 304 Not Modified (2ms)


Started GET "/assets/rails.png" for 127.0.0.1 at 2014-05-29 00:14:20 -0400
Served asset /rails.png - 304 Not Modified (0ms)


Started GET "/assets/rails.png" for 127.0.0.1 at 2014-05-29 00:14:22 -0400
Served asset /rails.png - 200 OK (0ms)


Started GET "/assets/rails.png" for 127.0.0.1 at 2014-05-29 00:15:08 -0400
Served asset /rails.png - 304 Not Modified (0ms)
Connecting to database specified by database.yml


Started GET "/assets/rails.png" for 127.0.0.1 at 2014-05-29 00:16:57 -0400
Connecting to database specified by database.yml
Served asset /rails.png - 304 Not Modified (2ms)


Started GET "/" for 127.0.0.1 at 2014-05-29 00:17:34 -0400
Connecting to database specified by database.yml


Started GET "/movies" for 127.0.0.1 at 2014-05-29 00:17:35 -0400
Processing by MoviesController#index as HTML
  [1m[36mMovie Load (0.2ms)[0m  [1mSELECT "movies".* FROM "movies" [0m
  Rendered movies/index.html.haml within layouts/application (10.6ms)
Completed 200 OK in 157.2ms (Views: 66.6ms | ActiveRecord: 2.8ms)


Started GET "/assets/application.css?body=1" for 127.0.0.1 at 2014-05-29 00:17:35 -0400
Served asset /application.css - 304 Not Modified (4ms)


Started GET "/assets/jquery_ujs.js?body=1" for 127.0.0.1 at 2014-05-29 00:17:35 -0400
Served asset /jquery_ujs.js - 304 Not Modified (1ms)


Started GET "/assets/jquery.js?body=1" for 127.0.0.1 at 2014-05-29 00:17:35 -0400
Served asset /jquery.js - 304 Not Modified (35ms)


Started GET "/assets/application.js?body=1" for 127.0.0.1 at 2014-05-29 00:17:35 -0400
Served asset /application.js - 304 Not Modified (4ms)


Started GET "/movies/1" for 127.0.0.1 at 2014-05-29 00:17:44 -0400
Processing by MoviesController#show as HTML
  Parameters: {"id"=>"1"}
  [1m[35mMovie Load (0.3ms)[0m  SELECT "movies".* FROM "movies" WHERE "movies"."id" = ? LIMIT 1  [["id", "1"]]
  Rendered movies/show.html.haml within layouts/application (3.5ms)
Completed 200 OK in 10.9ms (Views: 7.6ms | ActiveRecord: 0.3ms)


Started GET "/assets/application.css?body=1" for 127.0.0.1 at 2014-05-29 00:17:44 -0400
Served asset /application.css - 304 Not Modified (0ms)


Started GET "/assets/jquery.js?body=1" for 127.0.0.1 at 2014-05-29 00:17:44 -0400
Served asset /jquery.js - 304 Not Modified (0ms)


Started GET "/assets/application.js?body=1" for 127.0.0.1 at 2014-05-29 00:17:44 -0400
Served asset /application.js - 304 Not Modified (0ms)


Started GET "/assets/jquery_ujs.js?body=1" for 127.0.0.1 at 2014-05-29 00:17:44 -0400
Served asset /jquery_ujs.js - 304 Not Modified (0ms)


Started GET "/movies/1/edit" for 127.0.0.1 at 2014-05-29 00:17:47 -0400
Processing by MoviesController#edit as HTML
  Parameters: {"id"=>"1"}
  [1m[36mMovie Load (0.1ms)[0m  [1mSELECT "movies".* FROM "movies" WHERE "movies"."id" = ? LIMIT 1[0m  [["id", "1"]]
  Rendered movies/edit.html.haml within layouts/application (8.8ms)
Completed 200 OK in 15.3ms (Views: 13.5ms | ActiveRecord: 0.1ms)


Started GET "/assets/application.css?body=1" for 127.0.0.1 at 2014-05-29 00:17:47 -0400
Served asset /application.css - 304 Not Modified (0ms)


Started GET "/assets/jquery.js?body=1" for 127.0.0.1 at 2014-05-29 00:17:47 -0400
Served asset /jquery.js - 304 Not Modified (2ms)


Started GET "/assets/jquery_ujs.js?body=1" for 127.0.0.1 at 2014-05-29 00:17:47 -0400
Served asset /jquery_ujs.js - 304 Not Modified (0ms)


Started GET "/assets/application.js?body=1" for 127.0.0.1 at 2014-05-29 00:17:47 -0400
Served asset /application.js - 304 Not Modified (0ms)


Started PUT "/movies/1" for 127.0.0.1 at 2014-05-29 00:17:51 -0400
Processing by MoviesController#update as HTML
  Parameters: {"utf8"=>"✓", "authenticity_token"=>"qY63/bVCjAP33m/GyWfkfHknbnJ2MBw/QZEx5DRC5jU=", "movie"=>{"title"=>"Aladdin", "rating"=>"G", "release_date(1i)"=>"1992", "release_date(2i)"=>"11", "release_date(3i)"=>"25"}, "commit"=>"Update Movie Info", "id"=>"1"}
  [1m[35mMovie Load (0.1ms)[0m  SELECT "movies".* FROM "movies" WHERE "movies"."id" = ? LIMIT 1  [["id", "1"]]
  [1m[36m (0.1ms)[0m  [1mbegin transaction[0m
  [1m[35m (0.1ms)[0m  commit transaction
Redirected to http://localhost:3000/movies/1
Completed 302 Found in 5.1ms (ActiveRecord: 0.3ms)


Started GET "/movies/1" for 127.0.0.1 at 2014-05-29 00:17:51 -0400
Processing by MoviesController#show as HTML
  Parameters: {"id"=>"1"}
  [1m[36mMovie Load (0.1ms)[0m  [1mSELECT "movies".* FROM "movies" WHERE "movies"."id" = ? LIMIT 1[0m  [["id", "1"]]
  Rendered movies/show.html.haml within layouts/application (1.4ms)
Completed 200 OK in 6.8ms (Views: 5.6ms | ActiveRecord: 0.1ms)


Started GET "/assets/application.css?body=1" for 127.0.0.1 at 2014-05-29 00:17:51 -0400
Served asset /application.css - 304 Not Modified (0ms)


Started GET "/assets/application.js?body=1" for 127.0.0.1 at 2014-05-29 00:17:51 -0400
Served asset /application.js - 304 Not Modified (0ms)


Started GET "/assets/jquery.js?body=1" for 127.0.0.1 at 2014-05-29 00:17:51 -0400
Served asset /jquery.js - 304 Not Modified (0ms)


Started GET "/assets/jquery_ujs.js?body=1" for 127.0.0.1 at 2014-05-29 00:17:51 -0400
Served asset /jquery_ujs.js - 304 Not Modified (0ms)


Started GET "/movies" for 127.0.0.1 at 2014-05-29 00:17:55 -0400
Processing by MoviesController#index as HTML
  [1m[35mMovie Load (0.2ms)[0m  SELECT "movies".* FROM "movies" 
  Rendered movies/index.html.haml within layouts/application (3.7ms)
Completed 200 OK in 10.5ms (Views: 8.8ms | ActiveRecord: 0.2ms)


Started GET "/assets/application.css?body=1" for 127.0.0.1 at 2014-05-29 00:17:55 -0400
Served asset /application.css - 304 Not Modified (0ms)


Started GET "/assets/jquery.js?body=1" for 127.0.0.1 at 2014-05-29 00:17:55 -0400
Served asset /jquery.js - 304 Not Modified (0ms)


Started GET "/assets/jquery_ujs.js?body=1" for 127.0.0.1 at 2014-05-29 00:17:55 -0400
Served asset /jquery_ujs.js - 304 Not Modified (0ms)


Started GET "/assets/application.js?body=1" for 127.0.0.1 at 2014-05-29 00:17:55 -0400
Served asset /application.js - 304 Not Modified (0ms)


Started GET "/movies/show" for 127.0.0.1 at 2014-05-29 00:23:32 -0400
Connecting to database specified by database.yml
Processing by MoviesController#show as HTML
  Parameters: {"id"=>"show"}
  [1m[36mMovie Load (0.2ms)[0m  [1mSELECT "movies".* FROM "movies" WHERE "movies"."id" = ? LIMIT 1[0m  [["id", "show"]]
Completed 404 Not Found in 88.8ms

ActiveRecord::RecordNotFound (Couldn't find Movie with id=show):
  app/controllers/movies_controller.rb:5:in `show'


  Rendered /home/main/.rvm/gems/ruby-1.9.3-p545/gems/actionpack-3.2.18/lib/action_dispatch/middleware/templates/rescues/_trace.erb (1.3ms)
  Rendered /home/main/.rvm/gems/ruby-1.9.3-p545/gems/actionpack-3.2.18/lib/action_dispatch/middleware/templates/rescues/_request_and_response.erb (1.1ms)
  Rendered /home/main/.rvm/gems/ruby-1.9.3-p545/gems/actionpack-3.2.18/lib/action_dispatch/middleware/templates/rescues/diagnostics.erb within rescues/layout (42.5ms)


Started GET "/movies/show/1" for 127.0.0.1 at 2014-05-29 00:23:39 -0400

ActionController::RoutingError (No route matches [GET] "/movies/show/1"):
  actionpack (3.2.18) lib/action_dispatch/middleware/debug_exceptions.rb:21:in `call'
  actionpack (3.2.18) lib/action_dispatch/middleware/show_exceptions.rb:56:in `call'
  railties (3.2.18) lib/rails/rack/logger.rb:32:in `call_app'
  railties (3.2.18) lib/rails/rack/logger.rb:16:in `block in call'
  activesupport (3.2.18) lib/active_support/tagged_logging.rb:22:in `tagged'
  railties (3.2.18) lib/rails/rack/logger.rb:16:in `call'
  actionpack (3.2.18) lib/action_dispatch/middleware/request_id.rb:22:in `call'
  rack (1.4.5) lib/rack/methodoverride.rb:21:in `call'
  rack (1.4.5) lib/rack/runtime.rb:17:in `call'
  activesupport (3.2.18) lib/active_support/cache/strategy/local_cache.rb:72:in `call'
  rack (1.4.5) lib/rack/lock.rb:15:in `call'
  actionpack (3.2.18) lib/action_dispatch/middleware/static.rb:63:in `call'
  railties (3.2.18) lib/rails/engine.rb:484:in `call'
  railties (3.2.18) lib/rails/application.rb:231:in `call'
  rack (1.4.5) lib/rack/content_length.rb:14:in `call'
  railties (3.2.18) lib/rails/rack/log_tailer.rb:17:in `call'
  rack (1.4.5) lib/rack/handler/webrick.rb:59:in `service'
  /home/main/.rvm/rubies/ruby-1.9.3-p545/lib/ruby/1.9.1/webrick/httpserver.rb:138:in `service'
  /home/main/.rvm/rubies/ruby-1.9.3-p545/lib/ruby/1.9.1/webrick/httpserver.rb:94:in `run'
  /home/main/.rvm/rubies/ruby-1.9.3-p545/lib/ruby/1.9.1/webrick/server.rb:191:in `block in start_thread'


  Rendered /home/main/.rvm/gems/ruby-1.9.3-p545/gems/actionpack-3.2.18/lib/action_dispatch/middleware/templates/rescues/routing_error.erb within rescues/layout (0.6ms)


Started GET "/movies/show.1" for 127.0.0.1 at 2014-05-29 00:23:43 -0400
Processing by MoviesController#show as 
  Parameters: {"id"=>"show"}
  [1m[35mMovie Load (0.1ms)[0m  SELECT "movies".* FROM "movies" WHERE "movies"."id" = ? LIMIT 1  [["id", "show"]]
Completed 404 Not Found in 1.2ms

ActiveRecord::RecordNotFound (Couldn't find Movie with id=show):
  app/controllers/movies_controller.rb:5:in `show'


  Rendered /home/main/.rvm/gems/ruby-1.9.3-p545/gems/actionpack-3.2.18/lib/action_dispatch/middleware/templates/rescues/_trace.erb (1.2ms)
  Rendered /home/main/.rvm/gems/ruby-1.9.3-p545/gems/actionpack-3.2.18/lib/action_dispatch/middleware/templates/rescues/_request_and_response.erb (1.0ms)
  Rendered /home/main/.rvm/gems/ruby-1.9.3-p545/gems/actionpack-3.2.18/lib/action_dispatch/middleware/templates/rescues/diagnostics.erb within rescues/layout (7.5ms)


Started GET "/movies/1" for 127.0.0.1 at 2014-05-29 00:23:53 -0400
Processing by MoviesController#show as HTML
  Parameters: {"id"=>"1"}
  [1m[36mMovie Load (0.1ms)[0m  [1mSELECT "movies".* FROM "movies" WHERE "movies"."id" = ? LIMIT 1[0m  [["id", "1"]]
  Rendered movies/show.html.haml within layouts/application (37.5ms)
Completed 200 OK in 59.2ms (Views: 51.8ms | ActiveRecord: 0.1ms)


Started GET "/assets/jquery.js?body=1" for 127.0.0.1 at 2014-05-29 00:23:54 -0400
Served asset /jquery.js - 304 Not Modified (6ms)


Started GET "/assets/application.js?body=1" for 127.0.0.1 at 2014-05-29 00:23:54 -0400
Served asset /application.js - 304 Not Modified (4ms)


Started GET "/assets/jquery_ujs.js?body=1" for 127.0.0.1 at 2014-05-29 00:23:54 -0400
Served asset /jquery_ujs.js - 304 Not Modified (1ms)


Started GET "/assets/application.css?body=1" for 127.0.0.1 at 2014-05-29 00:23:54 -0400
Served asset /application.css - 304 Not Modified (1ms)
Connecting to database specified by database.yml


Started GET "/movies" for 127.0.0.1 at 2014-05-29 00:43:20 -0400
Connecting to database specified by database.yml
Processing by MoviesController#index as HTML
  [1m[36mMovie Load (0.2ms)[0m  [1mSELECT "movies".* FROM "movies" ORDER BY release_date[0m
  Rendered movies/index.html.haml within layouts/application (44.8ms)
Completed 200 OK in 163.2ms (Views: 69.1ms | ActiveRecord: 34.4ms)


Started GET "/assets/application.css?body=1" for 127.0.0.1 at 2014-05-29 00:43:21 -0400
Served asset /application.css - 304 Not Modified (1ms)


Started GET "/assets/jquery.js?body=1" for 127.0.0.1 at 2014-05-29 00:43:21 -0400
Served asset /jquery.js - 304 Not Modified (6ms)


Started GET "/assets/jquery_ujs.js?body=1" for 127.0.0.1 at 2014-05-29 00:43:21 -0400
Served asset /jquery_ujs.js - 304 Not Modified (2ms)


Started GET "/assets/application.js?body=1" for 127.0.0.1 at 2014-05-29 00:43:21 -0400
Served asset /application.js - 304 Not Modified (37ms)


Started GET "/movies" for 127.0.0.1 at 2014-05-29 00:44:17 -0400
Processing by MoviesController#index as HTML
  Rendered movies/index.html.haml within layouts/application (6.1ms)
Completed 500 Internal Server Error in 9.1ms

ActionView::Template::Error (undefined method `each' for nil:NilClass):
    9:       %th Release Date
    10:       %th More Info
    11:   %tbody
    12:     - @movies.each do |movie|
    13:       %tr
    14:         %td= movie.title 
    15:         %td= movie.rating
  app/views/movies/index.html.haml:12:in `_app_views_movies_index_html_haml___1906772645994956481_70102425682000'


  Rendered /home/main/.rvm/gems/ruby-1.9.3-p545/gems/actionpack-3.2.18/lib/action_dispatch/middleware/templates/rescues/_trace.erb (1.3ms)
  Rendered /home/main/.rvm/gems/ruby-1.9.3-p545/gems/actionpack-3.2.18/lib/action_dispatch/middleware/templates/rescues/_request_and_response.erb (1.0ms)
  Rendered /home/main/.rvm/gems/ruby-1.9.3-p545/gems/actionpack-3.2.18/lib/action_dispatch/middleware/templates/rescues/template_error.erb within rescues/layout (39.7ms)


Started GET "/movies" for 127.0.0.1 at 2014-05-29 00:44:52 -0400
Processing by MoviesController#index as HTML
  [1m[35mMovie Load (0.2ms)[0m  SELECT "movies".* FROM "movies" 
  Rendered movies/index.html.haml within layouts/application (3.3ms)
Completed 200 OK in 16.6ms (Views: 7.8ms | ActiveRecord: 0.6ms)


Started GET "/assets/application.css?body=1" for 127.0.0.1 at 2014-05-29 00:44:52 -0400
Served asset /application.css - 304 Not Modified (0ms)


Started GET "/assets/jquery.js?body=1" for 127.0.0.1 at 2014-05-29 00:44:52 -0400
Served asset /jquery.js - 304 Not Modified (3ms)


Started GET "/assets/jquery_ujs.js?body=1" for 127.0.0.1 at 2014-05-29 00:44:52 -0400
Served asset /jquery_ujs.js - 304 Not Modified (0ms)


Started GET "/assets/application.js?body=1" for 127.0.0.1 at 2014-05-29 00:44:52 -0400
Served asset /application.js - 304 Not Modified (0ms)


Started GET "/movies:sort" for 127.0.0.1 at 2014-05-29 00:45:03 -0400

ActionController::RoutingError (No route matches [GET] "/movies:sort"):
  actionpack (3.2.18) lib/action_dispatch/middleware/debug_exceptions.rb:21:in `call'
  actionpack (3.2.18) lib/action_dispatch/middleware/show_exceptions.rb:56:in `call'
  railties (3.2.18) lib/rails/rack/logger.rb:32:in `call_app'
  railties (3.2.18) lib/rails/rack/logger.rb:16:in `block in call'
  activesupport (3.2.18) lib/active_support/tagged_logging.rb:22:in `tagged'
  railties (3.2.18) lib/rails/rack/logger.rb:16:in `call'
  actionpack (3.2.18) lib/action_dispatch/middleware/request_id.rb:22:in `call'
  rack (1.4.5) lib/rack/methodoverride.rb:21:in `call'
  rack (1.4.5) lib/rack/runtime.rb:17:in `call'
  activesupport (3.2.18) lib/active_support/cache/strategy/local_cache.rb:72:in `call'
  rack (1.4.5) lib/rack/lock.rb:15:in `call'
  actionpack (3.2.18) lib/action_dispatch/middleware/static.rb:63:in `call'
  railties (3.2.18) lib/rails/engine.rb:484:in `call'
  railties (3.2.18) lib/rails/application.rb:231:in `call'
  rack (1.4.5) lib/rack/content_length.rb:14:in `call'
  railties (3.2.18) lib/rails/rack/log_tailer.rb:17:in `call'
  rack (1.4.5) lib/rack/handler/webrick.rb:59:in `service'
  /home/main/.rvm/rubies/ruby-1.9.3-p545/lib/ruby/1.9.1/webrick/httpserver.rb:138:in `service'
  /home/main/.rvm/rubies/ruby-1.9.3-p545/lib/ruby/1.9.1/webrick/httpserver.rb:94:in `run'
  /home/main/.rvm/rubies/ruby-1.9.3-p545/lib/ruby/1.9.1/webrick/server.rb:191:in `block in start_thread'


  Rendered /home/main/.rvm/gems/ruby-1.9.3-p545/gems/actionpack-3.2.18/lib/action_dispatch/middleware/templates/rescues/routing_error.erb within rescues/layout (0.6ms)


Started GET "/movies" for 127.0.0.1 at 2014-05-29 00:46:55 -0400
Processing by MoviesController#index as HTML
  [1m[36mMovie Load (0.2ms)[0m  [1mSELECT "movies".* FROM "movies" [0m
  Rendered movies/index.html.haml within layouts/application (0.9ms)
Completed 500 Internal Server Error in 4.0ms

ActionView::Template::Error (Inconsistent indentation: 7 spaces used for indentation, but the rest of the document was indented using 2 spaces.):
    4: %table#movies
    5:   %thead
    6:     %tr
    7:        %th{params[:sort] == "title" ? {:class => "hilite"} : {}}= link_to "Movie Title", movies_path(:sort => "title"), :id => "title_header"
    8:       %th Rating
    9:       %th Release Date
    10:       %th More Info
  app/views/movies/index.html.haml:7


  Rendered /home/main/.rvm/gems/ruby-1.9.3-p545/gems/actionpack-3.2.18/lib/action_dispatch/middleware/templates/rescues/_trace.erb (1.5ms)
  Rendered /home/main/.rvm/gems/ruby-1.9.3-p545/gems/actionpack-3.2.18/lib/action_dispatch/middleware/templates/rescues/_request_and_response.erb (1.0ms)
  Rendered /home/main/.rvm/gems/ruby-1.9.3-p545/gems/actionpack-3.2.18/lib/action_dispatch/middleware/templates/rescues/template_error.erb within rescues/layout (8.0ms)


Started GET "/movies" for 127.0.0.1 at 2014-05-29 00:47:39 -0400
Processing by MoviesController#index as HTML
  [1m[35mMovie Load (0.2ms)[0m  SELECT "movies".* FROM "movies" 
  Rendered movies/index.html.haml within layouts/application (0.7ms)
Completed 500 Internal Server Error in 3.6ms

ActionView::Template::Error (Inconsistent indentation: 7 spaces used for indentation, but the rest of the document was indented using 2 spaces.):
    4: %table#movies
    5:   %thead
    6:     %tr
    7:        %th{params[:sort] == "title" ? {:class => "hilite"} : {}}= link_to "Movie Title", movies_path(:sort => "title"), :id => "title_header"
    8:       %th Rating
    9:       %th Release Date
    10:       %th More Info
  app/views/movies/index.html.haml:7


  Rendered /home/main/.rvm/gems/ruby-1.9.3-p545/gems/actionpack-3.2.18/lib/action_dispatch/middleware/templates/rescues/_trace.erb (1.4ms)
  Rendered /home/main/.rvm/gems/ruby-1.9.3-p545/gems/actionpack-3.2.18/lib/action_dispatch/middleware/templates/rescues/_request_and_response.erb (1.0ms)
  Rendered /home/main/.rvm/gems/ruby-1.9.3-p545/gems/actionpack-3.2.18/lib/action_dispatch/middleware/templates/rescues/template_error.erb within rescues/layout (8.2ms)


Started GET "/movies" for 127.0.0.1 at 2014-05-29 00:48:28 -0400
Processing by MoviesController#index as HTML
  [1m[36mMovie Load (0.3ms)[0m  [1mSELECT "movies".* FROM "movies" [0m
ERROR: compiling _app_views_movies_index_html_haml___1906772645994956481_70102223155760 RAISED /home/main/saas_shared/rails-intro/app/views/movies/index.html.haml:7: syntax error, unexpected tIDENTIFIER, expecting ')'
...e", movies_path(:sort => "title"), :id => "title_header"
...                               ^
/home/main/saas_shared/rails-intro/app/views/movies/index.html.haml:7: syntax error, unexpected tIDENTIFIER, expecting ')'
... "title"), :id => "title_header"
...                               ^
/home/main/saas_shared/rails-intro/app/views/movies/index.html.haml:8: syntax error, unexpected ';', expecting ')'
/home/main/saas_shared/rails-intro/app/views/movies/index.html.haml:20: syntax error, unexpected keyword_ensure, expecting '}'
...:Util.html_safe(_erbout);ensure;@haml_buffer = @haml_buffer....
...                               ^
/home/main/saas_shared/rails-intro/app/views/movies/index.html.haml:20: syntax error, unexpected keyword_end, expecting '}'
...uffer.upper if @haml_buffer;end;
...                               ^
/home/main/saas_shared/rails-intro/app/views/movies/index.html.haml:23: syntax error, unexpected keyword_end, expecting '}'
Function body:           def _app_views_movies_index_html_haml___1906772645994956481_70102223155760(local_assigns, output_buffer)
            _old_virtual_path, @virtual_path = @virtual_path, "movies/index";_old_output_buffer = @output_buffer;;begin;extend Haml::Helpers;_hamlout = @haml_buffer = Haml::Buffer.new(haml_buffer, {:autoclose=>["area", "base", "basefont", "br", "col", "command", "embed", "frame", "hr", "img", "input", "isindex", "keygen", "link", "menuitem", "meta", "param", "source", "track", "wbr"], :preserve=>["textarea", "pre", "code"], :attr_wrapper=>"'", :ugly=>false, :format=>:html5, :encoding=>"UTF-8", :escape_html=>true, :escape_attrs=>true, :hyphenate_data_attrs=>true, :cdata=>false});_erbout = _hamlout.buffer;@output_buffer = output_buffer ||= ActionView::OutputBuffer.new rescue nil;;_hamlout.push_text("<h1>All Movies</h1>\n<table id='movies'>\n  <thead>\n    <tr>\n      <th#{_hamlout.adjust_tabs(3); 





_hamlout.attributes({}, nil, params[:sort] == "title" ? {:class => "hilite"} : {})}>#{_hamlout.adjust_tabs(1); _hamlout.format_script_false_true_false_true_false_true_false((link_to Movie Title", movies_path(:sort => "title"), :id => "title_header"
));}</th>\n      <th>Rating</th>\n      <th>Release Date</th>\n      <th>More Info</th>\n    </tr>\n  </thead>\n  <tbody>\n", -1, false);



 @movies.each do |movie|
_hamlout.push_text("    <tr>\n      <td>#{_hamlout.adjust_tabs(2); 
_hamlout.format_script_false_true_false_true_false_true_false((movie.title
));}</td>\n      <td>#{_hamlout.adjust_tabs(1); _hamlout.format_script_false_true_false_true_false_true_false((movie.rating
));}</td>\n      <td>#{_hamlout.adjust_tabs(1); _hamlout.format_script_false_true_false_true_false_true_false((movie.release_date
));}</td>\n      <td>#{_hamlout.adjust_tabs(1); _hamlout.format_script_false_true_false_true_false_true_false((link_to "More about #{movie.title}", movie_path(movie)
));}</td>\n    </tr>\n", -1, false);end;_hamlout.push_text("  </tbody>\n</table>\n#{_hamlout.adjust_tabs(-2); 
_hamlout.format_script_false_false_false_true_false_true_false(( link_to 'Add new movie', new_movie_path
));}\n", 0, false);::Haml::Util.html_safe(_erbout);ensure;@haml_buffer = @haml_buffer.upper if @haml_buffer;end;
          ensure
            @virtual_path, @output_buffer = _old_virtual_path, _old_output_buffer
          end

Backtrace: /home/main/.rvm/gems/ruby-1.9.3-p545/gems/actionpack-3.2.18/lib/action_view/template.rb:297:in `module_eval'
/home/main/.rvm/gems/ruby-1.9.3-p545/gems/actionpack-3.2.18/lib/action_view/template.rb:297:in `compile'
/home/main/.rvm/gems/ruby-1.9.3-p545/gems/actionpack-3.2.18/lib/action_view/template.rb:244:in `block in compile!'
<internal:prelude>:10:in `synchronize'
/home/main/.rvm/gems/ruby-1.9.3-p545/gems/actionpack-3.2.18/lib/action_view/template.rb:232:in `compile!'
/home/main/.rvm/gems/ruby-1.9.3-p545/gems/actionpack-3.2.18/lib/action_view/template.rb:144:in `block in render'
/home/main/.rvm/gems/ruby-1.9.3-p545/gems/activesupport-3.2.18/lib/active_support/notifications.rb:125:in `instrument'
/home/main/.rvm/gems/ruby-1.9.3-p545/gems/actionpack-3.2.18/lib/action_view/template.rb:143:in `render'
/home/main/.rvm/gems/ruby-1.9.3-p545/gems/actionpack-3.2.18/lib/action_view/renderer/template_renderer.rb:47:in `block (2 levels) in render_template'
/home/main/.rvm/gems/ruby-1.9.3-p545/gems/actionpack-3.2.18/lib/action_view/renderer/abstract_renderer.rb:38:in `block in instrument'
/home/main/.rvm/gems/ruby-1.9.3-p545/gems/activesupport-3.2.18/lib/active_support/notifications.rb:123:in `block in instrument'
/home/main/.rvm/gems/ruby-1.9.3-p545/gems/activesupport-3.2.18/lib/active_support/notifications/instrumenter.rb:20:in `instrument'
/home/main/.rvm/gems/ruby-1.9.3-p545/gems/activesupport-3.2.18/lib/active_support/notifications.rb:123:in `instrument'
/home/main/.rvm/gems/ruby-1.9.3-p545/gems/actionpack-3.2.18/lib/action_view/renderer/abstract_renderer.rb:38:in `instrument'
/home/main/.rvm/gems/ruby-1.9.3-p545/gems/actionpack-3.2.18/lib/action_view/renderer/template_renderer.rb:46:in `block in render_template'
/home/main/.rvm/gems/ruby-1.9.3-p545/gems/actionpack-3.2.18/lib/action_view/renderer/template_renderer.rb:54:in `render_with_layout'
/home/main/.rvm/gems/ruby-1.9.3-p545/gems/actionpack-3.2.18/lib/action_view/renderer/template_renderer.rb:45:in `render_template'
/home/main/.rvm/gems/ruby-1.9.3-p545/gems/actionpack-3.2.18/lib/action_view/renderer/template_renderer.rb:18:in `render'
/home/main/.rvm/gems/ruby-1.9.3-p545/gems/actionpack-3.2.18/lib/action_view/renderer/renderer.rb:36:in `render_template'
/home/main/.rvm/gems/ruby-1.9.3-p545/gems/actionpack-3.2.18/lib/action_view/renderer/renderer.rb:17:in `render'
/home/main/.rvm/gems/ruby-1.9.3-p545/gems/actionpack-3.2.18/lib/abstract_controller/rendering.rb:110:in `_render_template'
/home/main/.rvm/gems/ruby-1.9.3-p545/gems/actionpack-3.2.18/lib/action_controller/metal/streaming.rb:225:in `_render_template'
/home/main/.rvm/gems/ruby-1.9.3-p545/gems/actionpack-3.2.18/lib/abstract_controller/rendering.rb:103:in `render_to_body'
/home/main/.rvm/gems/ruby-1.9.3-p545/gems/actionpack-3.2.18/lib/action_controller/metal/renderers.rb:28:in `render_to_body'
/home/main/.rvm/gems/ruby-1.9.3-p545/gems/actionpack-3.2.18/lib/action_controller/metal/compatibility.rb:50:in `render_to_body'
/home/main/.rvm/gems/ruby-1.9.3-p545/gems/actionpack-3.2.18/lib/abstract_controller/rendering.rb:88:in `render'
/home/main/.rvm/gems/ruby-1.9.3-p545/gems/actionpack-3.2.18/lib/action_controller/metal/rendering.rb:16:in `render'
/home/main/.rvm/gems/ruby-1.9.3-p545/gems/actionpack-3.2.18/lib/action_controller/metal/instrumentation.rb:40:in `block (2 levels) in render'
/home/main/.rvm/gems/ruby-1.9.3-p545/gems/activesupport-3.2.18/lib/active_support/core_ext/benchmark.rb:5:in `block in ms'
/home/main/.rvm/rubies/ruby-1.9.3-p545/lib/ruby/1.9.1/benchmark.rb:295:in `realtime'
/home/main/.rvm/gems/ruby-1.9.3-p545/gems/activesupport-3.2.18/lib/active_support/core_ext/benchmark.rb:5:in `ms'
/home/main/.rvm/gems/ruby-1.9.3-p545/gems/actionpack-3.2.18/lib/action_controller/metal/instrumentation.rb:40:in `block in render'
/home/main/.rvm/gems/ruby-1.9.3-p545/gems/actionpack-3.2.18/lib/action_controller/metal/instrumentation.rb:83:in `cleanup_view_runtime'
/home/main/.rvm/gems/ruby-1.9.3-p545/gems/activerecord-3.2.18/lib/active_record/railties/controller_runtime.rb:24:in `cleanup_view_runtime'
/home/main/.rvm/gems/ruby-1.9.3-p545/gems/actionpack-3.2.18/lib/action_controller/metal/instrumentation.rb:39:in `render'
/home/main/.rvm/gems/ruby-1.9.3-p545/gems/actionpack-3.2.18/lib/action_controller/metal/implicit_render.rb:10:in `default_render'
/home/main/.rvm/gems/ruby-1.9.3-p545/gems/actionpack-3.2.18/lib/action_controller/metal/implicit_render.rb:5:in `send_action'
/home/main/.rvm/gems/ruby-1.9.3-p545/gems/actionpack-3.2.18/lib/abstract_controller/base.rb:167:in `process_action'
/home/main/.rvm/gems/ruby-1.9.3-p545/gems/actionpack-3.2.18/lib/action_controller/metal/rendering.rb:10:in `process_action'
/home/main/.rvm/gems/ruby-1.9.3-p545/gems/actionpack-3.2.18/lib/abstract_controller/callbacks.rb:18:in `block in process_action'
/home/main/.rvm/gems/ruby-1.9.3-p545/gems/activesupport-3.2.18/lib/active_support/callbacks.rb:414:in `_run__1219153718657412783__process_action__573317836374794769__callbacks'
/home/main/.rvm/gems/ruby-1.9.3-p545/gems/activesupport-3.2.18/lib/active_support/callbacks.rb:405:in `__run_callback'
/home/main/.rvm/gems/ruby-1.9.3-p545/gems/activesupport-3.2.18/lib/active_support/callbacks.rb:385:in `_run_process_action_callbacks'
/home/main/.rvm/gems/ruby-1.9.3-p545/gems/activesupport-3.2.18/lib/active_support/callbacks.rb:81:in `run_callbacks'
/home/main/.rvm/gems/ruby-1.9.3-p545/gems/actionpack-3.2.18/lib/abstract_controller/callbacks.rb:17:in `process_action'
/home/main/.rvm/gems/ruby-1.9.3-p545/gems/actionpack-3.2.18/lib/action_controller/metal/rescue.rb:29:in `process_action'
/home/main/.rvm/gems/ruby-1.9.3-p545/gems/actionpack-3.2.18/lib/action_controller/metal/instrumentation.rb:30:in `block in process_action'
/home/main/.rvm/gems/ruby-1.9.3-p545/gems/activesupport-3.2.18/lib/active_support/notifications.rb:123:in `block in instrument'
/home/main/.rvm/gems/ruby-1.9.3-p545/gems/activesupport-3.2.18/lib/active_support/notifications/instrumenter.rb:20:in `instrument'
/home/main/.rvm/gems/ruby-1.9.3-p545/gems/activesupport-3.2.18/lib/active_support/notifications.rb:123:in `instrument'
/home/main/.rvm/gems/ruby-1.9.3-p545/gems/actionpack-3.2.18/lib/action_controller/metal/instrumentation.rb:29:in `process_action'
/home/main/.rvm/gems/ruby-1.9.3-p545/gems/actionpack-3.2.18/lib/action_controller/metal/params_wrapper.rb:207:in `process_action'
/home/main/.rvm/gems/ruby-1.9.3-p545/gems/activerecord-3.2.18/lib/active_record/railties/controller_runtime.rb:18:in `process_action'
/home/main/.rvm/gems/ruby-1.9.3-p545/gems/actionpack-3.2.18/lib/abstract_controller/base.rb:121:in `process'
/home/main/.rvm/gems/ruby-1.9.3-p545/gems/actionpack-3.2.18/lib/abstract_controller/rendering.rb:45:in `process'
/home/main/.rvm/gems/ruby-1.9.3-p545/gems/actionpack-3.2.18/lib/action_controller/metal.rb:203:in `dispatch'
/home/main/.rvm/gems/ruby-1.9.3-p545/gems/actionpack-3.2.18/lib/action_controller/metal/rack_delegation.rb:14:in `dispatch'
/home/main/.rvm/gems/ruby-1.9.3-p545/gems/actionpack-3.2.18/lib/action_controller/metal.rb:246:in `block in action'
/home/main/.rvm/gems/ruby-1.9.3-p545/gems/actionpack-3.2.18/lib/action_dispatch/routing/route_set.rb:73:in `call'
/home/main/.rvm/gems/ruby-1.9.3-p545/gems/actionpack-3.2.18/lib/action_dispatch/routing/route_set.rb:73:in `dispatch'
/home/main/.rvm/gems/ruby-1.9.3-p545/gems/actionpack-3.2.18/lib/action_dispatch/routing/route_set.rb:36:in `call'
/home/main/.rvm/gems/ruby-1.9.3-p545/gems/journey-1.0.4/lib/journey/router.rb:68:in `block in call'
/home/main/.rvm/gems/ruby-1.9.3-p545/gems/journey-1.0.4/lib/journey/router.rb:56:in `each'
/home/main/.rvm/gems/ruby-1.9.3-p545/gems/journey-1.0.4/lib/journey/router.rb:56:in `call'
/home/main/.rvm/gems/ruby-1.9.3-p545/gems/actionpack-3.2.18/lib/action_dispatch/routing/route_set.rb:608:in `call'
/home/main/.rvm/gems/ruby-1.9.3-p545/gems/actionpack-3.2.18/lib/action_dispatch/middleware/best_standards_support.rb:17:in `call'
/home/main/.rvm/gems/ruby-1.9.3-p545/gems/rack-1.4.5/lib/rack/etag.rb:23:in `call'
/home/main/.rvm/gems/ruby-1.9.3-p545/gems/rack-1.4.5/lib/rack/conditionalget.rb:25:in `call'
/home/main/.rvm/gems/ruby-1.9.3-p545/gems/actionpack-3.2.18/lib/action_dispatch/middleware/head.rb:14:in `call'
/home/main/.rvm/gems/ruby-1.9.3-p545/gems/actionpack-3.2.18/lib/action_dispatch/middleware/params_parser.rb:21:in `call'
/home/main/.rvm/gems/ruby-1.9.3-p545/gems/actionpack-3.2.18/lib/action_dispatch/middleware/flash.rb:242:in `call'
/home/main/.rvm/gems/ruby-1.9.3-p545/gems/rack-1.4.5/lib/rack/session/abstract/id.rb:210:in `context'
/home/main/.rvm/gems/ruby-1.9.3-p545/gems/rack-1.4.5/lib/rack/session/abstract/id.rb:205:in `call'
/home/main/.rvm/gems/ruby-1.9.3-p545/gems/actionpack-3.2.18/lib/action_dispatch/middleware/cookies.rb:341:in `call'
/home/main/.rvm/gems/ruby-1.9.3-p545/gems/activerecord-3.2.18/lib/active_record/query_cache.rb:64:in `call'
/home/main/.rvm/gems/ruby-1.9.3-p545/gems/activerecord-3.2.18/lib/active_record/connection_adapters/abstract/connection_pool.rb:479:in `call'
/home/main/.rvm/gems/ruby-1.9.3-p545/gems/actionpack-3.2.18/lib/action_dispatch/middleware/callbacks.rb:28:in `block in call'
/home/main/.rvm/gems/ruby-1.9.3-p545/gems/activesupport-3.2.18/lib/active_support/callbacks.rb:405:in `_run__573334271201284375__call__4274298582084637646__callbacks'
/home/main/.rvm/gems/ruby-1.9.3-p545/gems/activesupport-3.2.18/lib/active_support/callbacks.rb:405:in `__run_callback'
/home/main/.rvm/gems/ruby-1.9.3-p545/gems/activesupport-3.2.18/lib/active_support/callbacks.rb:385:in `_run_call_callbacks'
/home/main/.rvm/gems/ruby-1.9.3-p545/gems/activesupport-3.2.18/lib/active_support/callbacks.rb:81:in `run_callbacks'
/home/main/.rvm/gems/ruby-1.9.3-p545/gems/actionpack-3.2.18/lib/action_dispatch/middleware/callbacks.rb:27:in `call'
/home/main/.rvm/gems/ruby-1.9.3-p545/gems/actionpack-3.2.18/lib/action_dispatch/middleware/reloader.rb:65:in `call'
/home/main/.rvm/gems/ruby-1.9.3-p545/gems/actionpack-3.2.18/lib/action_dispatch/middleware/remote_ip.rb:31:in `call'
/home/main/.rvm/gems/ruby-1.9.3-p545/gems/actionpack-3.2.18/lib/action_dispatch/middleware/debug_exceptions.rb:16:in `call'
/home/main/.rvm/gems/ruby-1.9.3-p545/gems/actionpack-3.2.18/lib/action_dispatch/middleware/show_exceptions.rb:56:in `call'
/home/main/.rvm/gems/ruby-1.9.3-p545/gems/railties-3.2.18/lib/rails/rack/logger.rb:32:in `call_app'
/home/main/.rvm/gems/ruby-1.9.3-p545/gems/railties-3.2.18/lib/rails/rack/logger.rb:16:in `block in call'
/home/main/.rvm/gems/ruby-1.9.3-p545/gems/activesupport-3.2.18/lib/active_support/tagged_logging.rb:22:in `tagged'
/home/main/.rvm/gems/ruby-1.9.3-p545/gems/railties-3.2.18/lib/rails/rack/logger.rb:16:in `call'
/home/main/.rvm/gems/ruby-1.9.3-p545/gems/actionpack-3.2.18/lib/action_dispatch/middleware/request_id.rb:22:in `call'
/home/main/.rvm/gems/ruby-1.9.3-p545/gems/rack-1.4.5/lib/rack/methodoverride.rb:21:in `call'
/home/main/.rvm/gems/ruby-1.9.3-p545/gems/rack-1.4.5/lib/rack/runtime.rb:17:in `call'
/home/main/.rvm/gems/ruby-1.9.3-p545/gems/activesupport-3.2.18/lib/active_support/cache/strategy/local_cache.rb:72:in `call'
/home/main/.rvm/gems/ruby-1.9.3-p545/gems/rack-1.4.5/lib/rack/lock.rb:15:in `call'
/home/main/.rvm/gems/ruby-1.9.3-p545/gems/actionpack-3.2.18/lib/action_dispatch/middleware/static.rb:63:in `call'
/home/main/.rvm/gems/ruby-1.9.3-p545/gems/railties-3.2.18/lib/rails/engine.rb:484:in `call'
/home/main/.rvm/gems/ruby-1.9.3-p545/gems/railties-3.2.18/lib/rails/application.rb:231:in `call'
/home/main/.rvm/gems/ruby-1.9.3-p545/gems/rack-1.4.5/lib/rack/content_length.rb:14:in `call'
/home/main/.rvm/gems/ruby-1.9.3-p545/gems/railties-3.2.18/lib/rails/rack/log_tailer.rb:17:in `call'
/home/main/.rvm/gems/ruby-1.9.3-p545/gems/rack-1.4.5/lib/rack/handler/webrick.rb:59:in `service'
/home/main/.rvm/rubies/ruby-1.9.3-p545/lib/ruby/1.9.1/webrick/httpserver.rb:138:in `service'
/home/main/.rvm/rubies/ruby-1.9.3-p545/lib/ruby/1.9.1/webrick/httpserver.rb:94:in `run'
/home/main/.rvm/rubies/ruby-1.9.3-p545/lib/ruby/1.9.1/webrick/server.rb:191:in `block in start_thread'
  Rendered movies/index.html.haml within layouts/application (2.8ms)
Completed 500 Internal Server Error in 5.9ms

ActionView::Template::Error (/home/main/saas_shared/rails-intro/app/views/movies/index.html.haml:7: syntax error, unexpected tIDENTIFIER, expecting ')'
...e", movies_path(:sort => "title"), :id => "title_header"
...                               ^
/home/main/saas_shared/rails-intro/app/views/movies/index.html.haml:7: syntax error, unexpected tIDENTIFIER, expecting ')'
... "title"), :id => "title_header"
...                               ^
/home/main/saas_shared/rails-intro/app/views/movies/index.html.haml:8: syntax error, unexpected ';', expecting ')'
/home/main/saas_shared/rails-intro/app/views/movies/index.html.haml:20: syntax error, unexpected keyword_ensure, expecting '}'
...:Util.html_safe(_erbout);ensure;@haml_buffer = @haml_buffer....
...                               ^
/home/main/saas_shared/rails-intro/app/views/movies/index.html.haml:20: syntax error, unexpected keyword_end, expecting '}'
...uffer.upper if @haml_buffer;end;
...                               ^
/home/main/saas_shared/rails-intro/app/views/movies/index.html.haml:23: syntax error, unexpected keyword_end, expecting '}'):
    4: %table#movies
    5:   %thead
    6:     %tr
    7:       %th{params[:sort] == "title" ? {:class => "hilite"} : {}}= link_to Movie Title", movies_path(:sort => "title"), :id => "title_header"
    8:       %th Rating
    9:       %th Release Date
    10:       %th More Info
  actionpack (3.2.18) lib/action_view/template.rb:297:in `module_eval'
  actionpack (3.2.18) lib/action_view/template.rb:297:in `compile'
  actionpack (3.2.18) lib/action_view/template.rb:244:in `block in compile!'
  <internal:prelude>:10:in `synchronize'
  actionpack (3.2.18) lib/action_view/template.rb:232:in `compile!'
  actionpack (3.2.18) lib/action_view/template.rb:144:in `block in render'
  activesupport (3.2.18) lib/active_support/notifications.rb:125:in `instrument'
  actionpack (3.2.18) lib/action_view/template.rb:143:in `render'
  actionpack (3.2.18) lib/action_view/renderer/template_renderer.rb:47:in `block (2 levels) in render_template'
  actionpack (3.2.18) lib/action_view/renderer/abstract_renderer.rb:38:in `block in instrument'
  activesupport (3.2.18) lib/active_support/notifications.rb:123:in `block in instrument'
  activesupport (3.2.18) lib/active_support/notifications/instrumenter.rb:20:in `instrument'
  activesupport (3.2.18) lib/active_support/notifications.rb:123:in `instrument'
  actionpack (3.2.18) lib/action_view/renderer/abstract_renderer.rb:38:in `instrument'
  actionpack (3.2.18) lib/action_view/renderer/template_renderer.rb:46:in `block in render_template'
  actionpack (3.2.18) lib/action_view/renderer/template_renderer.rb:54:in `render_with_layout'
  actionpack (3.2.18) lib/action_view/renderer/template_renderer.rb:45:in `render_template'
  actionpack (3.2.18) lib/action_view/renderer/template_renderer.rb:18:in `render'
  actionpack (3.2.18) lib/action_view/renderer/renderer.rb:36:in `render_template'
  actionpack (3.2.18) lib/action_view/renderer/renderer.rb:17:in `render'
  actionpack (3.2.18) lib/abstract_controller/rendering.rb:110:in `_render_template'
  actionpack (3.2.18) lib/action_controller/metal/streaming.rb:225:in `_render_template'
  actionpack (3.2.18) lib/abstract_controller/rendering.rb:103:in `render_to_body'
  actionpack (3.2.18) lib/action_controller/metal/renderers.rb:28:in `render_to_body'
  actionpack (3.2.18) lib/action_controller/metal/compatibility.rb:50:in `render_to_body'
  actionpack (3.2.18) lib/abstract_controller/rendering.rb:88:in `render'
  actionpack (3.2.18) lib/action_controller/metal/rendering.rb:16:in `render'
  actionpack (3.2.18) lib/action_controller/metal/instrumentation.rb:40:in `block (2 levels) in render'
  activesupport (3.2.18) lib/active_support/core_ext/benchmark.rb:5:in `block in ms'
  /home/main/.rvm/rubies/ruby-1.9.3-p545/lib/ruby/1.9.1/benchmark.rb:295:in `realtime'
  activesupport (3.2.18) lib/active_support/core_ext/benchmark.rb:5:in `ms'
  actionpack (3.2.18) lib/action_controller/metal/instrumentation.rb:40:in `block in render'
  actionpack (3.2.18) lib/action_controller/metal/instrumentation.rb:83:in `cleanup_view_runtime'
  activerecord (3.2.18) lib/active_record/railties/controller_runtime.rb:24:in `cleanup_view_runtime'
  actionpack (3.2.18) lib/action_controller/metal/instrumentation.rb:39:in `render'
  actionpack (3.2.18) lib/action_controller/metal/implicit_render.rb:10:in `default_render'
  actionpack (3.2.18) lib/action_controller/metal/implicit_render.rb:5:in `send_action'
  actionpack (3.2.18) lib/abstract_controller/base.rb:167:in `process_action'
  actionpack (3.2.18) lib/action_controller/metal/rendering.rb:10:in `process_action'
  actionpack (3.2.18) lib/abstract_controller/callbacks.rb:18:in `block in process_action'
  activesupport (3.2.18) lib/active_support/callbacks.rb:414:in `_run__1219153718657412783__process_action__573317836374794769__callbacks'
  activesupport (3.2.18) lib/active_support/callbacks.rb:405:in `__run_callback'
  activesupport (3.2.18) lib/active_support/callbacks.rb:385:in `_run_process_action_callbacks'
  activesupport (3.2.18) lib/active_support/callbacks.rb:81:in `run_callbacks'
  actionpack (3.2.18) lib/abstract_controller/callbacks.rb:17:in `process_action'
  actionpack (3.2.18) lib/action_controller/metal/rescue.rb:29:in `process_action'
  actionpack (3.2.18) lib/action_controller/metal/instrumentation.rb:30:in `block in process_action'
  activesupport (3.2.18) lib/active_support/notifications.rb:123:in `block in instrument'
  activesupport (3.2.18) lib/active_support/notifications/instrumenter.rb:20:in `instrument'
  activesupport (3.2.18) lib/active_support/notifications.rb:123:in `instrument'
  actionpack (3.2.18) lib/action_controller/metal/instrumentation.rb:29:in `process_action'
  actionpack (3.2.18) lib/action_controller/metal/params_wrapper.rb:207:in `process_action'
  activerecord (3.2.18) lib/active_record/railties/controller_runtime.rb:18:in `process_action'
  actionpack (3.2.18) lib/abstract_controller/base.rb:121:in `process'
  actionpack (3.2.18) lib/abstract_controller/rendering.rb:45:in `process'
  actionpack (3.2.18) lib/action_controller/metal.rb:203:in `dispatch'
  actionpack (3.2.18) lib/action_controller/metal/rack_delegation.rb:14:in `dispatch'
  actionpack (3.2.18) lib/action_controller/metal.rb:246:in `block in action'
  actionpack (3.2.18) lib/action_dispatch/routing/route_set.rb:73:in `call'
  actionpack (3.2.18) lib/action_dispatch/routing/route_set.rb:73:in `dispatch'
  actionpack (3.2.18) lib/action_dispatch/routing/route_set.rb:36:in `call'
  journey (1.0.4) lib/journey/router.rb:68:in `block in call'
  journey (1.0.4) lib/journey/router.rb:56:in `each'
  journey (1.0.4) lib/journey/router.rb:56:in `call'
  actionpack (3.2.18) lib/action_dispatch/routing/route_set.rb:608:in `call'
  actionpack (3.2.18) lib/action_dispatch/middleware/best_standards_support.rb:17:in `call'
  rack (1.4.5) lib/rack/etag.rb:23:in `call'
  rack (1.4.5) lib/rack/conditionalget.rb:25:in `call'
  actionpack (3.2.18) lib/action_dispatch/middleware/head.rb:14:in `call'
  actionpack (3.2.18) lib/action_dispatch/middleware/params_parser.rb:21:in `call'
  actionpack (3.2.18) lib/action_dispatch/middleware/flash.rb:242:in `call'
  rack (1.4.5) lib/rack/session/abstract/id.rb:210:in `context'
  rack (1.4.5) lib/rack/session/abstract/id.rb:205:in `call'
  actionpack (3.2.18) lib/action_dispatch/middleware/cookies.rb:341:in `call'
  activerecord (3.2.18) lib/active_record/query_cache.rb:64:in `call'
  activerecord (3.2.18) lib/active_record/connection_adapters/abstract/connection_pool.rb:479:in `call'
  actionpack (3.2.18) lib/action_dispatch/middleware/callbacks.rb:28:in `block in call'
  activesupport (3.2.18) lib/active_support/callbacks.rb:405:in `_run__573334271201284375__call__4274298582084637646__callbacks'
  activesupport (3.2.18) lib/active_support/callbacks.rb:405:in `__run_callback'
  activesupport (3.2.18) lib/active_support/callbacks.rb:385:in `_run_call_callbacks'
  activesupport (3.2.18) lib/active_support/callbacks.rb:81:in `run_callbacks'
  actionpack (3.2.18) lib/action_dispatch/middleware/callbacks.rb:27:in `call'
  actionpack (3.2.18) lib/action_dispatch/middleware/reloader.rb:65:in `call'
  actionpack (3.2.18) lib/action_dispatch/middleware/remote_ip.rb:31:in `call'
  actionpack (3.2.18) lib/action_dispatch/middleware/debug_exceptions.rb:16:in `call'
  actionpack (3.2.18) lib/action_dispatch/middleware/show_exceptions.rb:56:in `call'
  railties (3.2.18) lib/rails/rack/logger.rb:32:in `call_app'
  railties (3.2.18) lib/rails/rack/logger.rb:16:in `block in call'
  activesupport (3.2.18) lib/active_support/tagged_logging.rb:22:in `tagged'
  railties (3.2.18) lib/rails/rack/logger.rb:16:in `call'
  actionpack (3.2.18) lib/action_dispatch/middleware/request_id.rb:22:in `call'
  rack (1.4.5) lib/rack/methodoverride.rb:21:in `call'
  rack (1.4.5) lib/rack/runtime.rb:17:in `call'
  activesupport (3.2.18) lib/active_support/cache/strategy/local_cache.rb:72:in `call'
  rack (1.4.5) lib/rack/lock.rb:15:in `call'
  actionpack (3.2.18) lib/action_dispatch/middleware/static.rb:63:in `call'
  railties (3.2.18) lib/rails/engine.rb:484:in `call'
  railties (3.2.18) lib/rails/application.rb:231:in `call'
  rack (1.4.5) lib/rack/content_length.rb:14:in `call'
  railties (3.2.18) lib/rails/rack/log_tailer.rb:17:in `call'
  rack (1.4.5) lib/rack/handler/webrick.rb:59:in `service'
  /home/main/.rvm/rubies/ruby-1.9.3-p545/lib/ruby/1.9.1/webrick/httpserver.rb:138:in `service'
  /home/main/.rvm/rubies/ruby-1.9.3-p545/lib/ruby/1.9.1/webrick/httpserver.rb:94:in `run'
  /home/main/.rvm/rubies/ruby-1.9.3-p545/lib/ruby/1.9.1/webrick/server.rb:191:in `block in start_thread'


  Rendered /home/main/.rvm/gems/ruby-1.9.3-p545/gems/actionpack-3.2.18/lib/action_dispatch/middleware/templates/rescues/_trace.erb (1.3ms)
  Rendered /home/main/.rvm/gems/ruby-1.9.3-p545/gems/actionpack-3.2.18/lib/action_dispatch/middleware/templates/rescues/_request_and_response.erb (1.0ms)
  Rendered /home/main/.rvm/gems/ruby-1.9.3-p545/gems/actionpack-3.2.18/lib/action_dispatch/middleware/templates/rescues/template_error.erb within rescues/layout (7.8ms)


Started GET "/movies" for 127.0.0.1 at 2014-05-29 00:49:22 -0400
Processing by MoviesController#index as HTML
  [1m[35mMovie Load (0.2ms)[0m  SELECT "movies".* FROM "movies" 
  Rendered movies/index.html.haml within layouts/application (5.9ms)
Completed 200 OK in 11.6ms (Views: 10.0ms | ActiveRecord: 0.2ms)


Started GET "/assets/application.css?body=1" for 127.0.0.1 at 2014-05-29 00:49:22 -0400
Served asset /application.css - 304 Not Modified (0ms)


Started GET "/assets/jquery.js?body=1" for 127.0.0.1 at 2014-05-29 00:49:22 -0400
Served asset /jquery.js - 304 Not Modified (5ms)


Started GET "/assets/application.js?body=1" for 127.0.0.1 at 2014-05-29 00:49:22 -0400
Served asset /application.js - 304 Not Modified (0ms)


Started GET "/assets/jquery_ujs.js?body=1" for 127.0.0.1 at 2014-05-29 00:49:22 -0400
Served asset /jquery_ujs.js - 304 Not Modified (0ms)


Started GET "/movies?sort=title" for 127.0.0.1 at 2014-05-29 00:49:24 -0400
Processing by MoviesController#index as HTML
  Parameters: {"sort"=>"title"}
  [1m[36mMovie Load (0.3ms)[0m  [1mSELECT "movies".* FROM "movies" ORDER BY release_date[0m
  Rendered movies/index.html.haml within layouts/application (3.6ms)
Completed 200 OK in 9.3ms (Views: 7.7ms | ActiveRecord: 0.3ms)


Started GET "/assets/application.css?body=1" for 127.0.0.1 at 2014-05-29 00:49:24 -0400
Served asset /application.css - 304 Not Modified (0ms)


Started GET "/assets/jquery.js?body=1" for 127.0.0.1 at 2014-05-29 00:49:24 -0400
Served asset /jquery.js - 304 Not Modified (4ms)


Started GET "/assets/application.js?body=1" for 127.0.0.1 at 2014-05-29 00:49:24 -0400
Served asset /application.js - 304 Not Modified (1ms)


Started GET "/assets/jquery_ujs.js?body=1" for 127.0.0.1 at 2014-05-29 00:49:24 -0400
Served asset /jquery_ujs.js - 304 Not Modified (0ms)


Started GET "/movies?sort=title" for 127.0.0.1 at 2014-05-29 00:51:32 -0400
Processing by MoviesController#index as HTML
  Parameters: {"sort"=>"title"}
  [1m[35mMovie Load (0.3ms)[0m  SELECT "movies".* FROM "movies" ORDER BY release_date
  Rendered movies/index.html.haml within layouts/application (6.6ms)
Completed 200 OK in 13.9ms (Views: 12.0ms | ActiveRecord: 0.3ms)


Started GET "/assets/application.css?body=1" for 127.0.0.1 at 2014-05-29 00:51:32 -0400
Served asset /application.css - 304 Not Modified (0ms)


Started GET "/assets/jquery.js?body=1" for 127.0.0.1 at 2014-05-29 00:51:32 -0400
Served asset /jquery.js - 304 Not Modified (2ms)


Started GET "/assets/jquery_ujs.js?body=1" for 127.0.0.1 at 2014-05-29 00:51:32 -0400
Served asset /jquery_ujs.js - 304 Not Modified (0ms)


Started GET "/assets/application.js?body=1" for 127.0.0.1 at 2014-05-29 00:51:32 -0400
Served asset /application.js - 304 Not Modified (1ms)


Started GET "/movies?sort=release_date" for 127.0.0.1 at 2014-05-29 00:51:33 -0400
Processing by MoviesController#index as HTML
  Parameters: {"sort"=>"release_date"}
  [1m[36mMovie Load (0.3ms)[0m  [1mSELECT "movies".* FROM "movies" ORDER BY release_date[0m
  Rendered movies/index.html.haml within layouts/application (3.9ms)
Completed 200 OK in 10.2ms (Views: 8.5ms | ActiveRecord: 0.3ms)


Started GET "/assets/application.css?body=1" for 127.0.0.1 at 2014-05-29 00:51:33 -0400
Served asset /application.css - 304 Not Modified (0ms)


Started GET "/assets/jquery.js?body=1" for 127.0.0.1 at 2014-05-29 00:51:33 -0400
Served asset /jquery.js - 304 Not Modified (1ms)


Started GET "/assets/application.js?body=1" for 127.0.0.1 at 2014-05-29 00:51:33 -0400
Served asset /application.js - 304 Not Modified (0ms)


Started GET "/assets/jquery_ujs.js?body=1" for 127.0.0.1 at 2014-05-29 00:51:33 -0400
Served asset /jquery_ujs.js - 304 Not Modified (0ms)


Started GET "/movies" for 127.0.0.1 at 2014-05-29 01:03:06 -0400
Processing by MoviesController#index as HTML
Completed 404 Not Found in 1.1ms

ActiveRecord::RecordNotFound (Couldn't find Movie without an ID):
  app/controllers/movies_controller.rb:13:in `index'


  Rendered /home/main/.rvm/gems/ruby-1.9.3-p545/gems/actionpack-3.2.18/lib/action_dispatch/middleware/templates/rescues/_trace.erb (1.2ms)
  Rendered /home/main/.rvm/gems/ruby-1.9.3-p545/gems/actionpack-3.2.18/lib/action_dispatch/middleware/templates/rescues/_request_and_response.erb (1.0ms)
  Rendered /home/main/.rvm/gems/ruby-1.9.3-p545/gems/actionpack-3.2.18/lib/action_dispatch/middleware/templates/rescues/diagnostics.erb within rescues/layout (7.7ms)


Started GET "/movies" for 127.0.0.1 at 2014-05-29 01:03:25 -0400
Processing by MoviesController#index as HTML
  [1m[35mMovie Load (0.2ms)[0m  SELECT "movies".* FROM "movies" 
  Rendered movies/index.html.haml within layouts/application (3.6ms)
Completed 200 OK in 16.6ms (Views: 7.8ms | ActiveRecord: 0.6ms)


Started GET "/assets/application.css?body=1" for 127.0.0.1 at 2014-05-29 01:03:25 -0400
Served asset /application.css - 304 Not Modified (0ms)


Started GET "/assets/jquery.js?body=1" for 127.0.0.1 at 2014-05-29 01:03:25 -0400
Served asset /jquery.js - 304 Not Modified (0ms)


Started GET "/assets/application.js?body=1" for 127.0.0.1 at 2014-05-29 01:03:25 -0400
Served asset /application.js - 304 Not Modified (1ms)


Started GET "/assets/jquery_ujs.js?body=1" for 127.0.0.1 at 2014-05-29 01:03:25 -0400
Served asset /jquery_ujs.js - 304 Not Modified (0ms)


Started GET "/movies" for 127.0.0.1 at 2014-05-29 01:05:48 -0400
Processing by MoviesController#index as HTML
  [1m[36mMovie Load (0.2ms)[0m  [1mSELECT "movies".* FROM "movies" [0m
  Rendered movies/index.html.haml within layouts/application (16.2ms)
Completed 500 Internal Server Error in 19.0ms

ActionView::Template::Error (undefined local variable or method `id' for #<#<Class:0x007f83fcc9a220>:0x007f83fc38f3b0>):
    6:     %tr
    7:       %th{params[:sort] == "title" ? {:class => "hilite"} : {}}= link_to "Movie Title", movies_path(:sort => "title"), :id => "title_header"
    8:       %th Rating
    9:       %th{params[:sort] == "release_date" ? {:class => "hilite"} : {}}= link_to "Release Date", movies_path(:sort => "release_date"), id => "release_date_header"
    10:       %th More Info
    11:   %tbody
    12:     - @movies.each do |movie|
  app/views/movies/index.html.haml:9:in `_app_views_movies_index_html_haml___1906772645994956481_70102424514580'


  Rendered /home/main/.rvm/gems/ruby-1.9.3-p545/gems/actionpack-3.2.18/lib/action_dispatch/middleware/templates/rescues/_trace.erb (1.2ms)
  Rendered /home/main/.rvm/gems/ruby-1.9.3-p545/gems/actionpack-3.2.18/lib/action_dispatch/middleware/templates/rescues/_request_and_response.erb (0.9ms)
  Rendered /home/main/.rvm/gems/ruby-1.9.3-p545/gems/actionpack-3.2.18/lib/action_dispatch/middleware/templates/rescues/template_error.erb within rescues/layout (7.5ms)


Started GET "/movies" for 127.0.0.1 at 2014-05-29 01:06:03 -0400
Processing by MoviesController#index as HTML
  [1m[35mMovie Load (0.2ms)[0m  SELECT "movies".* FROM "movies" 
  Rendered movies/index.html.haml within layouts/application (5.9ms)
Completed 200 OK in 11.5ms (Views: 10.0ms | ActiveRecord: 0.2ms)


Started GET "/assets/application.css?body=1" for 127.0.0.1 at 2014-05-29 01:06:03 -0400
Served asset /application.css - 304 Not Modified (0ms)


Started GET "/assets/application.js?body=1" for 127.0.0.1 at 2014-05-29 01:06:03 -0400
Served asset /application.js - 304 Not Modified (3ms)


Started GET "/assets/jquery.js?body=1" for 127.0.0.1 at 2014-05-29 01:06:03 -0400
Served asset /jquery.js - 304 Not Modified (0ms)


Started GET "/assets/jquery_ujs.js?body=1" for 127.0.0.1 at 2014-05-29 01:06:03 -0400
Served asset /jquery_ujs.js - 304 Not Modified (0ms)


Started GET "/movies?sort=release_date" for 127.0.0.1 at 2014-05-29 01:06:07 -0400
Processing by MoviesController#index as HTML
  Parameters: {"sort"=>"release_date"}
  [1m[36mMovie Load (0.2ms)[0m  [1mSELECT "movies".* FROM "movies" ORDER BY release_date[0m
  Rendered movies/index.html.haml within layouts/application (4.0ms)
Completed 200 OK in 10.8ms (Views: 9.3ms | ActiveRecord: 0.2ms)


Started GET "/assets/jquery.js?body=1" for 127.0.0.1 at 2014-05-29 01:06:07 -0400
Served asset /jquery.js - 304 Not Modified (3ms)


Started GET "/assets/application.js?body=1" for 127.0.0.1 at 2014-05-29 01:06:07 -0400
Served asset /application.js - 304 Not Modified (0ms)


Started GET "/assets/jquery_ujs.js?body=1" for 127.0.0.1 at 2014-05-29 01:06:07 -0400
Served asset /jquery_ujs.js - 304 Not Modified (0ms)


Started GET "/assets/application.css?body=1" for 127.0.0.1 at 2014-05-29 01:06:07 -0400
Served asset /application.css - 304 Not Modified (0ms)


Started GET "/movies?sort=title" for 127.0.0.1 at 2014-05-29 01:06:12 -0400
Processing by MoviesController#index as HTML
  Parameters: {"sort"=>"title"}
  [1m[35mMovie Load (0.2ms)[0m  SELECT "movies".* FROM "movies" 
  Rendered movies/index.html.haml within layouts/application (3.8ms)
Completed 200 OK in 9.3ms (Views: 7.8ms | ActiveRecord: 0.2ms)


Started GET "/assets/application.css?body=1" for 127.0.0.1 at 2014-05-29 01:06:12 -0400
Served asset /application.css - 304 Not Modified (0ms)


Started GET "/assets/jquery.js?body=1" for 127.0.0.1 at 2014-05-29 01:06:12 -0400
Served asset /jquery.js - 304 Not Modified (2ms)


Started GET "/assets/jquery_ujs.js?body=1" for 127.0.0.1 at 2014-05-29 01:06:12 -0400
Served asset /jquery_ujs.js - 304 Not Modified (0ms)


Started GET "/assets/application.js?body=1" for 127.0.0.1 at 2014-05-29 01:06:12 -0400
Served asset /application.js - 304 Not Modified (0ms)


Started GET "/movies?sort=title" for 127.0.0.1 at 2014-05-29 01:06:15 -0400
Processing by MoviesController#index as HTML
  Parameters: {"sort"=>"title"}
  [1m[36mMovie Load (0.2ms)[0m  [1mSELECT "movies".* FROM "movies" [0m
  Rendered movies/index.html.haml within layouts/application (4.1ms)
Completed 200 OK in 9.8ms (Views: 8.2ms | ActiveRecord: 0.2ms)


Started GET "/assets/application.css?body=1" for 127.0.0.1 at 2014-05-29 01:06:15 -0400
Served asset /application.css - 304 Not Modified (0ms)


Started GET "/assets/application.js?body=1" for 127.0.0.1 at 2014-05-29 01:06:15 -0400
Served asset /application.js - 304 Not Modified (0ms)


Started GET "/assets/jquery_ujs.js?body=1" for 127.0.0.1 at 2014-05-29 01:06:15 -0400
Served asset /jquery_ujs.js - 304 Not Modified (0ms)


Started GET "/assets/jquery.js?body=1" for 127.0.0.1 at 2014-05-29 01:06:15 -0400
Served asset /jquery.js - 304 Not Modified (0ms)


Started GET "/movies?sort=title" for 127.0.0.1 at 2014-05-29 01:07:03 -0400
Processing by MoviesController#index as HTML
  Parameters: {"sort"=>"title"}
  [1m[35mMovie Load (0.2ms)[0m  SELECT "movies".* FROM "movies" ORDER BY title
  Rendered movies/index.html.haml within layouts/application (4.1ms)
Completed 200 OK in 20.1ms (Views: 10.7ms | ActiveRecord: 0.7ms)


Started GET "/assets/application.css?body=1" for 127.0.0.1 at 2014-05-29 01:07:03 -0400
Served asset /application.css - 304 Not Modified (0ms)


Started GET "/assets/jquery_ujs.js?body=1" for 127.0.0.1 at 2014-05-29 01:07:03 -0400
Served asset /jquery_ujs.js - 304 Not Modified (0ms)


Started GET "/assets/application.js?body=1" for 127.0.0.1 at 2014-05-29 01:07:03 -0400
Served asset /application.js - 304 Not Modified (0ms)


Started GET "/assets/jquery.js?body=1" for 127.0.0.1 at 2014-05-29 01:07:03 -0400
Served asset /jquery.js - 304 Not Modified (0ms)


Started GET "/" for 127.0.0.1 at 2014-05-29 01:07:08 -0400


Started GET "/movies" for 127.0.0.1 at 2014-05-29 01:07:08 -0400
Processing by MoviesController#index as HTML
  [1m[36mMovie Load (0.3ms)[0m  [1mSELECT "movies".* FROM "movies" [0m
  Rendered movies/index.html.haml within layouts/application (4.3ms)
Completed 200 OK in 11.3ms (Views: 9.3ms | ActiveRecord: 0.3ms)


Started GET "/assets/application.css?body=1" for 127.0.0.1 at 2014-05-29 01:07:08 -0400
Served asset /application.css - 304 Not Modified (0ms)


Started GET "/assets/jquery_ujs.js?body=1" for 127.0.0.1 at 2014-05-29 01:07:08 -0400
Served asset /jquery_ujs.js - 304 Not Modified (0ms)


Started GET "/assets/jquery.js?body=1" for 127.0.0.1 at 2014-05-29 01:07:08 -0400
Served asset /jquery.js - 304 Not Modified (0ms)


Started GET "/assets/application.js?body=1" for 127.0.0.1 at 2014-05-29 01:07:08 -0400
Served asset /application.js - 304 Not Modified (0ms)


Started GET "/movies?sort=title" for 127.0.0.1 at 2014-05-29 01:07:10 -0400
Processing by MoviesController#index as HTML
  Parameters: {"sort"=>"title"}
  [1m[35mMovie Load (0.3ms)[0m  SELECT "movies".* FROM "movies" ORDER BY title
  Rendered movies/index.html.haml within layouts/application (3.6ms)
Completed 200 OK in 10.3ms (Views: 8.5ms | ActiveRecord: 0.3ms)


Started GET "/assets/application.css?body=1" for 127.0.0.1 at 2014-05-29 01:07:10 -0400
Served asset /application.css - 304 Not Modified (1ms)


Started GET "/assets/application.js?body=1" for 127.0.0.1 at 2014-05-29 01:07:10 -0400
Served asset /application.js - 304 Not Modified (0ms)


Started GET "/assets/jquery.js?body=1" for 127.0.0.1 at 2014-05-29 01:07:10 -0400
Served asset /jquery.js - 304 Not Modified (2ms)


Started GET "/assets/jquery_ujs.js?body=1" for 127.0.0.1 at 2014-05-29 01:07:10 -0400
Served asset /jquery_ujs.js - 304 Not Modified (0ms)


Started GET "/movies?sort=release_date" for 127.0.0.1 at 2014-05-29 01:07:15 -0400
Processing by MoviesController#index as HTML
  Parameters: {"sort"=>"release_date"}
  [1m[36mMovie Load (0.3ms)[0m  [1mSELECT "movies".* FROM "movies" ORDER BY release_date[0m
  Rendered movies/index.html.haml within layouts/application (3.9ms)
Completed 200 OK in 11.3ms (Views: 9.5ms | ActiveRecord: 0.3ms)


Started GET "/assets/application.css?body=1" for 127.0.0.1 at 2014-05-29 01:07:15 -0400
Served asset /application.css - 304 Not Modified (0ms)


Started GET "/assets/jquery.js?body=1" for 127.0.0.1 at 2014-05-29 01:07:15 -0400
Served asset /jquery.js - 304 Not Modified (0ms)


Started GET "/assets/jquery_ujs.js?body=1" for 127.0.0.1 at 2014-05-29 01:07:15 -0400
Served asset /jquery_ujs.js - 304 Not Modified (0ms)


Started GET "/assets/application.js?body=1" for 127.0.0.1 at 2014-05-29 01:07:15 -0400
Served asset /application.js - 304 Not Modified (0ms)
